/*C3*/SET SCHEMA PUBLIC
DELETE FROM "mendixsystem$version" WHERE "versionnumber"='4.0.7'
INSERT INTO "mendixsystem$version" VALUES('4.0.7','2014-02-27 13:24:00.687000','1.0.1','unversioned','Bootswatch')
COMMIT
/*C4*/SET SCHEMA PUBLIC
DELETE FROM "system$userrole" WHERE "id"=562949953421313
INSERT INTO "system$userrole" VALUES(562949953421313,'User','','53f5d6fa-6da9-4a71-b011-454ec052cce8')
DELETE FROM "system$userrole" WHERE "id"=562949953421314
INSERT INTO "system$userrole" VALUES(562949953421314,'Administrator','','8dd52bfa-6d7e-453b-b506-303c0a3d9567')
COMMIT
/*C3*/DELETE FROM "mendixsystem$entityidentifier" WHERE "id"='d4154981-8dac-4150-aec5-efa3ef62a7a2'
INSERT INTO "mendixsystem$entityidentifier" VALUES('d4154981-8dac-4150-aec5-efa3ef62a7a2',3,25001)
COMMIT
INSERT INTO "system$xasinstance" VALUES(844424930156869,'2014-07-05 19:26:11.240000',NULL,'2014-07-05 19:26:11.286000',NULL,NULL,'0168a865-1f14-4c15-a944-9da3b7dfeccf')
COMMIT
INSERT INTO "system$clustermanager" VALUES(2251799813685249,844424930156869)
COMMIT
DELETE FROM "system$statistics" WHERE "id"=2251799813685249
INSERT INTO "system$statistics" VALUES(2251799813685249,0,1,'2014-07-05 19:26:11.474000',6,'2014-01-31 17:21:59.794000')
COMMIT
DELETE FROM "mendixsystem$entityidentifier" WHERE "id"='282e2e60-88a5-469d-84a5-ba8d9151644f'
INSERT INTO "mendixsystem$entityidentifier" VALUES('282e2e60-88a5-469d-84a5-ba8d9151644f',11,24201)
COMMIT
INSERT INTO "system$user" VALUES(3096224743841317,TRUE,'Anonymous_99fb0f1a-b734-485c-825f-66801da734c6','2014-07-05 19:26:15.912000',TRUE,0,'2014-07-05 19:26:16.114000','{BCrypt}$2a$10$Bc62Yj1srYdYpKGdFzwYeu6XT9OWCbitWIFKxFjXNWir8wZkBBkhu',FALSE,'2014-07-05 19:26:15.912000',FALSE,'System.User',3096224743841317,NULL)
INSERT INTO "system$user_language" VALUES(3096224743841317,1970324836974593)
INSERT INTO "system$userroles" VALUES(3096224743841317,562949953421314)
COMMIT
DELETE FROM "system$user" WHERE "id"=3096224743841317
INSERT INTO "system$user" VALUES(3096224743841317,TRUE,'Anonymous_99fb0f1a-b734-485c-825f-66801da734c6','2014-07-05 19:26:15.912000',TRUE,0,'2014-07-05 19:26:16.161000','{BCrypt}$2a$10$Bc62Yj1srYdYpKGdFzwYeu6XT9OWCbitWIFKxFjXNWir8wZkBBkhu',FALSE,'2014-07-05 19:26:15.912000',FALSE,'System.User',3096224743841317,NULL)
COMMIT
INSERT INTO "system$user" VALUES(3096224743841318,TRUE,'Anonymous_1c2d0e6d-b8ad-4048-b856-cbdef37fbec9','2014-07-05 19:26:15.927000',TRUE,0,'2014-07-05 19:26:16.130000','{BCrypt}$2a$10$CZjIoaeJT.iz3o5wQzhU/eutVGr4.f4Zveyw.8HHT0qj0p9AQ9ZNC',FALSE,'2014-07-05 19:26:15.927000',FALSE,'System.User',3096224743841318,NULL)
INSERT INTO "system$user_language" VALUES(3096224743841318,1970324836974593)
INSERT INTO "system$userroles" VALUES(3096224743841318,562949953421314)
COMMIT
DELETE FROM "system$user" WHERE "id"=3096224743841318
INSERT INTO "system$user" VALUES(3096224743841318,TRUE,'Anonymous_1c2d0e6d-b8ad-4048-b856-cbdef37fbec9','2014-07-05 19:26:15.927000',TRUE,0,'2014-07-05 19:26:16.364000','{BCrypt}$2a$10$CZjIoaeJT.iz3o5wQzhU/eutVGr4.f4Zveyw.8HHT0qj0p9AQ9ZNC',FALSE,'2014-07-05 19:26:15.927000',FALSE,'System.User',3096224743841318,NULL)
COMMIT
/*C6*/SET SCHEMA PUBLIC
INSERT INTO "system$user" VALUES(3096224743841319,TRUE,'Anonymous_19b0ce15-bb5c-456b-aa82-70dd0032c8ed','2014-07-05 19:26:16.130000',TRUE,0,'2014-07-05 19:26:16.349000','{BCrypt}$2a$10$BDgaJQwC9LsZ3CGDG1AM.ewj/b1xiNrhEAUn7aUieEkIjBR8HxNsa',FALSE,'2014-07-05 19:26:16.130000',FALSE,'System.User',3096224743841319,NULL)
INSERT INTO "system$user_language" VALUES(3096224743841319,1970324836974593)
INSERT INTO "system$userroles" VALUES(3096224743841319,562949953421314)
COMMIT
/*C4*/DELETE FROM "system$user" WHERE "id"=3096224743841319
INSERT INTO "system$user" VALUES(3096224743841319,TRUE,'Anonymous_19b0ce15-bb5c-456b-aa82-70dd0032c8ed','2014-07-05 19:26:16.130000',TRUE,0,'2014-07-05 19:26:16.380000','{BCrypt}$2a$10$BDgaJQwC9LsZ3CGDG1AM.ewj/b1xiNrhEAUn7aUieEkIjBR8HxNsa',FALSE,'2014-07-05 19:26:16.130000',FALSE,'System.User',3096224743841319,NULL)
COMMIT
/*C3*/DELETE FROM "mendixsystem$entityidentifier" WHERE "id"='cba69aa2-ebe6-4be3-a511-28b0070a95e7'
INSERT INTO "mendixsystem$entityidentifier" VALUES('cba69aa2-ebe6-4be3-a511-28b0070a95e7',4,24401)
COMMIT
/*C4*/DELETE FROM "mendixsystem$entityidentifier" WHERE "id"='9a18edbc-7447-4aa2-86e4-7312e141f97e'
INSERT INTO "mendixsystem$entityidentifier" VALUES('9a18edbc-7447-4aa2-86e4-7312e141f97e',9,24301)
COMMIT
/*C3*/DELETE FROM "system$xasinstance" WHERE "id"=844424930156869
INSERT INTO "system$xasinstance" VALUES(844424930156869,'2014-07-05 19:31:11.552000',NULL,'2014-07-05 19:26:11.286000',NULL,NULL,'0168a865-1f14-4c15-a944-9da3b7dfeccf')
COMMIT
/*C5*/SET SCHEMA PUBLIC
DELETE FROM "system$statistics" WHERE "id"=2251799813685249
INSERT INTO "system$statistics" VALUES(2251799813685249,0,1,'2014-07-05 19:31:11.552000',6,'2014-01-31 17:21:59.794000')
COMMIT
